<?xml version="1.0" encoding="UTF-8"?>
<testsuite xmlns:xsi="http://www.w3.org/2001/XMLSchema-instance" xsi:noNamespaceSchemaLocation="https://maven.apache.org/surefire/maven-surefire-plugin/xsd/surefire-test-report.xsd" version="3.0.2" name="com.aqtilink.notification_service.NotificationServiceApplicationTests" time="4.176" tests="1" errors="0" skipped="0" failures="0">
  <properties>
[...]
</properties>
  <testcase name="contextLoads" classname="com.aqtilink.notification_service.NotificationServiceApplicationTests" time="0.685">
    <system-out><![CDATA[12:55:39.785 [main] INFO org.springframework.test.context.support.AnnotationConfigContextLoaderUtils -- Could not detect default configuration classes for test class [com.aqtilink.notification_service.NotificationServiceApplicationTests]: NotificationServiceApplicationTests does not declare any static, non-private, non-final, nested classes annotated with @Configuration.
12:55:39.876 [main] INFO org.springframework.boot.test.context.SpringBootTestContextBootstrapper -- Found @SpringBootConfiguration com.aqtilink.notification_service.NotificationServiceApplication for test class com.aqtilink.notification_service.NotificationServiceApplicationTests
12:55:40.032 [main] INFO org.springframework.boot.devtools.restart.RestartApplicationListener -- Restart disabled due to context in which it is running

  .   ____          _            __ _ _
 /\\ / ___'_ __ _ _(_)_ __  __ _ \ \ \ \
( ( )\___ | '_ | '_| | '_ \/ _` | \ \ \ \
 \\/  ___)| |_)| | | | | || (_| |  ) ) ) )
  '  |____| .__|_| |_|_| |_\__, | / / / /
 =========|_|==============|___/=/_/_/_/

 :: Spring Boot ::               (v3.4.12)

2026-01-10T12:55:40.382+01:00  INFO 216966 --- [notification-service] [           main] .a.n.NotificationServiceApplicationTests : Starting NotificationServiceApplicationTests using Java 17.0.17 with PID 216966 (started by gasper in /home/gasper/uni/3letnik/prpo/projekt/notification-service)
2026-01-10T12:55:40.384+01:00  INFO 216966 --- [notification-service] [           main] .a.n.NotificationServiceApplicationTests : No active profile set, falling back to 1 default profile: "default"
2026-01-10T12:55:42.850+01:00  INFO 216966 --- [notification-service] [           main] o.s.b.a.e.web.EndpointLinksResolver      : Exposing 2 endpoints beneath base path '/actuator'
2026-01-10T12:55:42.951+01:00  INFO 216966 --- [notification-service] [           main] o.s.a.r.c.CachingConnectionFactory       : Attempting to connect to: [localhost:5672]
2026-01-10T12:55:43.008+01:00  INFO 216966 --- [notification-service] [           main] o.s.a.r.c.CachingConnectionFactory       : Created new connection: rabbitConnectionFactory#486e9d1d:0/SimpleConnection@1752e45c [delegate=amqp://guest@127.0.0.1:5672/, localPort=54678]
2026-01-10T12:55:43.089+01:00  INFO 216966 --- [notification-service] [           main] .a.n.NotificationServiceApplicationTests : Started NotificationServiceApplicationTests in 3.068 seconds (process running for 3.927)
]]></system-out>
  </testcase>
</testsuite>